  Using bundled DotNet SDK
  Log file: C:\Users\Bordunos\AppData\Local\UnrealBuildTool\Log.txt
  Using 'git status' to determine working set for adaptive non-unity build (E:\Unreal_5_Projects\Tank).
  Invalidating makefile for TankEditor (working set of source files changed)
  Building TankEditor...
  Using Visual Studio 2022 14.32.31332 toolchain (C:\Program Files\Microsoft Visual Studio\2022\Community\VC\Tools\MSVC\14.32.31326) and Windows 10.0.18362.0 SDK (C:\Program Files (x86)\Windows Kits\10).
  Distributing 3 actions to XGE
  --------------------Build System Warning---------------------------------------
  License is invalid:
      License information is invalid. Please try reloading your license file using the Coordinator Monitor application on the Coordinator machine, or reinstall IncrediBuild.
      This build will run in standalone mode.
  
  -------------------------------------------------------------------------------
  
  Build ID: {0D101BEE-AA07-4D99-9477-DB984B219729}
  
  --------------------Project: Default-------------------------------------------
  [1/3] UnrealEditor-Tank.dll (0:00.57 at +0:00)
     Создается библиотека E:\Unreal_5_Projects\Tank\Tank\Intermediate\Build\Win64\UnrealEditor\Development\Tank\UnrealEditor-Tank.suppressed.lib и объект E:\Unreal_5_Projects\Tank\Tank\Intermediate\Build\Win64\UnrealEditor\Development\Tank\UnrealEditor-Tank.suppressed.exp
  [2/3] UnrealEditor-Tank.lib (0:00.09 at +0:00)
     Создается библиотека E:\Unreal_5_Projects\Tank\Tank\Intermediate\Build\Win64\UnrealEditor\Development\Tank\UnrealEditor-Tank.lib и объект E:\Unreal_5_Projects\Tank\Tank\Intermediate\Build\Win64\UnrealEditor\Development\Tank\UnrealEditor-Tank.exp
  [3/3] TankEditor.target (0:00.17 at +0:00)
  ---------------------- Done ----------------------
  
      Rebuild All: 1 succeeded, 0 failed, 0 skipped
  
  1 build system warning(s):
     - License is invalid
  
  Total time in XGE executor: 0,99 seconds
  Total execution time: 2,06 seconds
